InnoDB: using atomic writes.
2020-03-20 17:50:15 0 [Note] InnoDB: Mutexes and rw_locks use Windows interlocked functions
2020-03-20 17:50:15 0 [Note] InnoDB: Uses event mutexes
2020-03-20 17:50:15 0 [Note] InnoDB: Compressed tables use zlib 1.2.11
2020-03-20 17:50:15 0 [Note] InnoDB: Number of pools: 1
2020-03-20 17:50:15 0 [Note] InnoDB: Using SSE2 crc32 instructions
2020-03-20 17:50:15 0 [Note] InnoDB: Initializing buffer pool, total size = 16M, instances = 1, chunk size = 16M
2020-03-20 17:50:15 0 [Note] InnoDB: Completed initialization of buffer pool
2020-03-20 17:50:15 0 [Note] InnoDB: Starting crash recovery from checkpoint LSN=300288
2020-03-20 17:50:15 0 [Note] InnoDB: 128 out of 128 rollback segments are active.
2020-03-20 17:50:15 0 [Note] InnoDB: Removed temporary tablespace data file: "ibtmp1"
2020-03-20 17:50:15 0 [Note] InnoDB: Creating shared tablespace for temporary tables
2020-03-20 17:50:15 0 [Note] InnoDB: Setting file 'C:\xampp\mysql\data\ibtmp1' size to 12 MB. Physically writing the file full; Please wait ...
2020-03-20 17:50:15 0 [Note] InnoDB: File 'C:\xampp\mysql\data\ibtmp1' size is now 12 MB.
2020-03-20 17:50:15 0 [Note] InnoDB: Waiting for purge to start
2020-03-20 17:50:15 0 [Note] InnoDB: 10.4.11 started; log sequence number 300297; transaction id 171
2020-03-20 17:50:15 0 [Note] InnoDB: Loading buffer pool(s) from C:\xampp\mysql\data\ib_buffer_pool
2020-03-20 17:50:15 0 [Note] Plugin 'FEEDBACK' is disabled.
2020-03-20 17:50:15 0 [Note] Server socket created on IP: '::'.
2020-03-20 17:50:15 0 [Note] InnoDB: Buffer pool(s) load completed at 200320 17:50:15
InnoDB: using atomic writes.
2020-03-22 14:31:32 0 [Note] InnoDB: Mutexes and rw_locks use Windows interlocked functions
2020-03-22 14:31:32 0 [Note] InnoDB: Uses event mutexes
2020-03-22 14:31:32 0 [Note] InnoDB: Compressed tables use zlib 1.2.11
2020-03-22 14:31:32 0 [Note] InnoDB: Number of pools: 1
2020-03-22 14:31:32 0 [Note] InnoDB: Using SSE2 crc32 instructions
2020-03-22 14:31:32 0 [Note] InnoDB: Initializing buffer pool, total size = 16M, instances = 1, chunk size = 16M
2020-03-22 14:31:32 0 [Note] InnoDB: Completed initialization of buffer pool
2020-03-22 14:31:32 0 [Note] InnoDB: Starting crash recovery from checkpoint LSN=339070
2020-03-22 14:31:32 0 [Note] InnoDB: 128 out of 128 rollback segments are active.
2020-03-22 14:31:32 0 [Note] InnoDB: Removed temporary tablespace data file: "ibtmp1"
2020-03-22 14:31:32 0 [Note] InnoDB: Creating shared tablespace for temporary tables
2020-03-22 14:31:32 0 [Note] InnoDB: Setting file 'C:\xampp\mysql\data\ibtmp1' size to 12 MB. Physically writing the file full; Please wait ...
2020-03-22 14:31:32 0 [Note] InnoDB: File 'C:\xampp\mysql\data\ibtmp1' size is now 12 MB.
2020-03-22 14:31:32 0 [Note] InnoDB: Waiting for purge to start
2020-03-22 14:31:32 0 [Note] InnoDB: 10.4.11 started; log sequence number 339079; transaction id 280
2020-03-22 14:31:32 0 [Note] InnoDB: Loading buffer pool(s) from C:\xampp\mysql\data\ib_buffer_pool
2020-03-22 14:31:32 0 [Note] Plugin 'FEEDBACK' is disabled.
2020-03-22 14:31:32 0 [Note] InnoDB: Buffer pool(s) load completed at 200322 14:31:32
2020-03-22 14:31:32 0 [Note] Server socket created on IP: '::'.
InnoDB: using atomic writes.
2020-03-22 23:57:45 0 [Note] InnoDB: Mutexes and rw_locks use Windows interlocked functions
2020-03-22 23:57:45 0 [Note] InnoDB: Uses event mutexes
2020-03-22 23:57:45 0 [Note] InnoDB: Compressed tables use zlib 1.2.11
2020-03-22 23:57:45 0 [Note] InnoDB: Number of pools: 1
2020-03-22 23:57:45 0 [Note] InnoDB: Using SSE2 crc32 instructions
2020-03-22 23:57:45 0 [Note] InnoDB: Initializing buffer pool, total size = 16M, instances = 1, chunk size = 16M
2020-03-22 23:57:45 0 [Note] InnoDB: Completed initialization of buffer pool
2020-03-22 23:57:45 0 [Note] InnoDB: Starting crash recovery from checkpoint LSN=399925
2020-03-22 23:57:46 0 [Note] InnoDB: 128 out of 128 rollback segments are active.
2020-03-22 23:57:46 0 [Note] InnoDB: Removed temporary tablespace data file: "ibtmp1"
2020-03-22 23:57:46 0 [Note] InnoDB: Creating shared tablespace for temporary tables
2020-03-22 23:57:46 0 [Note] InnoDB: Setting file 'C:\xampp\mysql\data\ibtmp1' size to 12 MB. Physically writing the file full; Please wait ...
2020-03-22 23:57:46 0 [Note] InnoDB: File 'C:\xampp\mysql\data\ibtmp1' size is now 12 MB.
2020-03-22 23:57:46 0 [Note] InnoDB: Waiting for purge to start
2020-03-22 23:57:46 0 [Note] InnoDB: 10.4.11 started; log sequence number 399934; transaction id 428
2020-03-22 23:57:46 0 [Note] InnoDB: Loading buffer pool(s) from C:\xampp\mysql\data\ib_buffer_pool
2020-03-22 23:57:46 0 [Note] Plugin 'FEEDBACK' is disabled.
2020-03-22 23:57:46 0 [Note] InnoDB: Buffer pool(s) load completed at 200322 23:57:46
2020-03-22 23:57:46 0 [Note] Server socket created on IP: '::'.
InnoDB: using atomic writes.
2020-03-23  0:07:49 0 [Note] InnoDB: Mutexes and rw_locks use Windows interlocked functions
2020-03-23  0:07:49 0 [Note] InnoDB: Uses event mutexes
2020-03-23  0:07:49 0 [Note] InnoDB: Compressed tables use zlib 1.2.11
2020-03-23  0:07:49 0 [Note] InnoDB: Number of pools: 1
2020-03-23  0:07:49 0 [Note] InnoDB: Using SSE2 crc32 instructions
2020-03-23  0:07:49 0 [Note] InnoDB: Initializing buffer pool, total size = 16M, instances = 1, chunk size = 16M
2020-03-23  0:07:49 0 [Note] InnoDB: Completed initialization of buffer pool
2020-03-23  0:07:49 0 [Note] InnoDB: Starting crash recovery from checkpoint LSN=403893
2020-03-23  0:07:49 0 [Note] InnoDB: 128 out of 128 rollback segments are active.
2020-03-23  0:07:49 0 [Note] InnoDB: Removed temporary tablespace data file: "ibtmp1"
2020-03-23  0:07:49 0 [Note] InnoDB: Creating shared tablespace for temporary tables
2020-03-23  0:07:49 0 [Note] InnoDB: Setting file 'C:\xampp\mysql\data\ibtmp1' size to 12 MB. Physically writing the file full; Please wait ...
2020-03-23  0:07:49 0 [Note] InnoDB: File 'C:\xampp\mysql\data\ibtmp1' size is now 12 MB.
2020-03-23  0:07:49 0 [Note] InnoDB: Waiting for purge to start
2020-03-23  0:07:49 0 [Note] InnoDB: 10.4.11 started; log sequence number 403902; transaction id 452
2020-03-23  0:07:49 0 [Note] InnoDB: Loading buffer pool(s) from C:\xampp\mysql\data\ib_buffer_pool
2020-03-23  0:07:49 0 [Note] Plugin 'FEEDBACK' is disabled.
2020-03-23  0:07:49 0 [Note] Server socket created on IP: '::'.
2020-03-23  0:07:49 0 [Note] InnoDB: Buffer pool(s) load completed at 200323  0:07:49
InnoDB: using atomic writes.
2020-04-04 19:34:51 0 [Note] InnoDB: Mutexes and rw_locks use Windows interlocked functions
2020-04-04 19:34:51 0 [Note] InnoDB: Uses event mutexes
2020-04-04 19:34:51 0 [Note] InnoDB: Compressed tables use zlib 1.2.11
2020-04-04 19:34:51 0 [Note] InnoDB: Number of pools: 1
2020-04-04 19:34:51 0 [Note] InnoDB: Using SSE2 crc32 instructions
2020-04-04 19:34:51 0 [Note] InnoDB: Initializing buffer pool, total size = 16M, instances = 1, chunk size = 16M
2020-04-04 19:34:51 0 [Note] InnoDB: Completed initialization of buffer pool
2020-04-04 19:34:51 0 [Note] InnoDB: Starting crash recovery from checkpoint LSN=510322
2020-04-04 19:34:51 0 [Note] InnoDB: 128 out of 128 rollback segments are active.
2020-04-04 19:34:51 0 [Note] InnoDB: Removed temporary tablespace data file: "ibtmp1"
2020-04-04 19:34:51 0 [Note] InnoDB: Creating shared tablespace for temporary tables
2020-04-04 19:34:51 0 [Note] InnoDB: Setting file 'C:\xampp\mysql\data\ibtmp1' size to 12 MB. Physically writing the file full; Please wait ...
2020-04-04 19:34:51 0 [Note] InnoDB: File 'C:\xampp\mysql\data\ibtmp1' size is now 12 MB.
2020-04-04 19:34:51 0 [Note] InnoDB: Waiting for purge to start
2020-04-04 19:34:51 0 [Note] InnoDB: 10.4.11 started; log sequence number 510331; transaction id 744
2020-04-04 19:34:51 0 [Note] InnoDB: Loading buffer pool(s) from C:\xampp\mysql\data\ib_buffer_pool
2020-04-04 19:34:51 0 [Note] Plugin 'FEEDBACK' is disabled.
2020-04-04 19:34:51 0 [Note] InnoDB: Buffer pool(s) load completed at 200404 19:34:51
2020-04-04 19:34:51 0 [Note] Server socket created on IP: '::'.
InnoDB: using atomic writes.
2020-04-06 10:46:46 0 [Note] InnoDB: Mutexes and rw_locks use Windows interlocked functions
2020-04-06 10:46:46 0 [Note] InnoDB: Uses event mutexes
2020-04-06 10:46:46 0 [Note] InnoDB: Compressed tables use zlib 1.2.11
2020-04-06 10:46:46 0 [Note] InnoDB: Number of pools: 1
2020-04-06 10:46:46 0 [Note] InnoDB: Using SSE2 crc32 instructions
2020-04-06 10:46:46 0 [Note] InnoDB: Initializing buffer pool, total size = 16M, instances = 1, chunk size = 16M
2020-04-06 10:46:46 0 [Note] InnoDB: Completed initialization of buffer pool
2020-04-06 10:46:47 0 [Note] InnoDB: Starting crash recovery from checkpoint LSN=527606
2020-04-06 10:46:47 0 [Note] InnoDB: 128 out of 128 rollback segments are active.
2020-04-06 10:46:47 0 [Note] InnoDB: Removed temporary tablespace data file: "ibtmp1"
2020-04-06 10:46:47 0 [Note] InnoDB: Creating shared tablespace for temporary tables
2020-04-06 10:46:47 0 [Note] InnoDB: Setting file 'C:\xampp\mysql\data\ibtmp1' size to 12 MB. Physically writing the file full; Please wait ...
2020-04-06 10:46:47 0 [Note] InnoDB: File 'C:\xampp\mysql\data\ibtmp1' size is now 12 MB.
2020-04-06 10:46:47 0 [Note] InnoDB: Waiting for purge to start
2020-04-06 10:46:47 0 [Note] InnoDB: 10.4.11 started; log sequence number 527615; transaction id 770
2020-04-06 10:46:47 0 [Note] InnoDB: Loading buffer pool(s) from C:\xampp\mysql\data\ib_buffer_pool
2020-04-06 10:46:47 0 [Note] Plugin 'FEEDBACK' is disabled.
2020-04-06 10:46:47 0 [Note] InnoDB: Buffer pool(s) load completed at 200406 10:46:47
2020-04-06 10:46:47 0 [Note] Server socket created on IP: '::'.
InnoDB: using atomic writes.
2020-04-06 14:10:42 0 [Note] InnoDB: Mutexes and rw_locks use Windows interlocked functions
2020-04-06 14:10:42 0 [Note] InnoDB: Uses event mutexes
2020-04-06 14:10:42 0 [Note] InnoDB: Compressed tables use zlib 1.2.11
2020-04-06 14:10:42 0 [Note] InnoDB: Number of pools: 1
2020-04-06 14:10:42 0 [Note] InnoDB: Using SSE2 crc32 instructions
2020-04-06 14:10:42 0 [Note] InnoDB: Initializing buffer pool, total size = 16M, instances = 1, chunk size = 16M
2020-04-06 14:10:42 0 [Note] InnoDB: Completed initialization of buffer pool
2020-04-06 14:10:42 0 [Note] InnoDB: Starting crash recovery from checkpoint LSN=536437
2020-04-06 14:10:42 0 [Note] InnoDB: 128 out of 128 rollback segments are active.
2020-04-06 14:10:42 0 [Note] InnoDB: Removed temporary tablespace data file: "ibtmp1"
2020-04-06 14:10:42 0 [Note] InnoDB: Creating shared tablespace for temporary tables
2020-04-06 14:10:42 0 [Note] InnoDB: Setting file 'C:\xampp\mysql\data\ibtmp1' size to 12 MB. Physically writing the file full; Please wait ...
2020-04-06 14:10:42 0 [Note] InnoDB: File 'C:\xampp\mysql\data\ibtmp1' size is now 12 MB.
2020-04-06 14:10:42 0 [Note] InnoDB: Waiting for purge to start
2020-04-06 14:10:43 0 [Note] InnoDB: 10.4.11 started; log sequence number 536446; transaction id 799
2020-04-06 14:10:43 0 [Note] InnoDB: Loading buffer pool(s) from C:\xampp\mysql\data\ib_buffer_pool
2020-04-06 14:10:43 0 [Note] Plugin 'FEEDBACK' is disabled.
2020-04-06 14:10:43 0 [Note] Server socket created on IP: '::'.
2020-04-06 14:10:43 0 [Note] InnoDB: Buffer pool(s) load completed at 200InnoDB: using atomic writes.
2020-04-20 12:00:41 0 [Note] InnoDB: Mutexes and rw_locks use Windows interlocked functions
2020-04-20 12:00:41 0 [Note] InnoDB: Uses event mutexes
2020-04-20 12:00:41 0 [Note] InnoDB: Compressed tables use zlib 1.2.11
2020-04-20 12:00:41 0 [Note] InnoDB: Number of pools: 1
2020-04-20 12:00:41 0 [Note] InnoDB: Using SSE2 crc32 instructions
2020-04-20 12:00:41 0 [Note] InnoDB: Initializing buffer pool, total size = 16M, instances = 1, chunk size = 16M
2020-04-20 12:00:41 0 [Note] InnoDB: Completed initialization of buffer pool
2020-04-20 12:00:41 0 [Note] InnoDB: Starting crash recovery from checkpoint LSN=548239
2020-04-20 12:00:41 0 [Note] InnoDB: 128 out of 128 rollback segments are active.
2020-04-20 12:00:41 0 [Note] InnoDB: Removed temporary tablespace data file: "ibtmp1"
2020-04-20 12:00:41 0 [Note] InnoDB: Creating shared tablespace for temporary tables
2020-04-20 12:00:41 0 [Note] InnoDB: Setting file 'C:\xampp\mysql\data\ibtmp1' size to 12 MB. Physically writing the file full; Please wait ...
2020-04-20 12:00:41 0 [Note] InnoDB: File 'C:\xampp\mysql\data\ibtmp1' size is now 12 MB.
2020-04-20 12:00:41 0 [Note] InnoDB: Waiting for purge to start
2020-04-20 12:00:42 0 [Note] InnoDB: 10.4.11 started; log sequence number 548248; transaction id 835
2020-04-20 12:00:42 0 [Note] InnoDB: Loading buffer pool(s) from C:\xampp\mysql\data\ib_buffer_pool
2020-04-20 12:00:42 0 [Note] Plugin 'FEEDBACK' is disabled.
2020-04-20 12:00:42 0 [Note] InnoDB: Buffer pool(s) load completed at 200420 12:00:42
2020-04-20 12:00:42 0 [Note] Server socket created on IP: '::'.
